2025-03-02 00:55:20,917 INFO    MainThread:39963 [wandb_setup.py:_flush():67] Current SDK version is 0.19.7
2025-03-02 00:55:20,917 INFO    MainThread:39963 [wandb_setup.py:_flush():67] Configure stats pid to 39963
2025-03-02 00:55:20,918 INFO    MainThread:39963 [wandb_setup.py:_flush():67] Loading settings from /home/ic41223/.config/wandb/settings
2025-03-02 00:55:20,918 INFO    MainThread:39963 [wandb_setup.py:_flush():67] Loading settings from /home/ic41223/DA6401/Assignment_1/wandb/settings
2025-03-02 00:55:20,918 INFO    MainThread:39963 [wandb_setup.py:_flush():67] Loading settings from environment variables
2025-03-02 00:55:20,918 INFO    MainThread:39963 [wandb_init.py:setup_run_log_directory():647] Logging user logs to /home/ic41223/DA6401/Assignment_1/wandb/run-20250302_005520-k9lpsavb/logs/debug.log
2025-03-02 00:55:20,918 INFO    MainThread:39963 [wandb_init.py:setup_run_log_directory():648] Logging internal logs to /home/ic41223/DA6401/Assignment_1/wandb/run-20250302_005520-k9lpsavb/logs/debug-internal.log
2025-03-02 00:55:20,918 INFO    MainThread:39963 [wandb_init.py:monkeypatch_ipython():599] configuring jupyter hooks <wandb.sdk.wandb_init._WandbInit object at 0x7f106688b490>
2025-03-02 00:55:20,919 INFO    MainThread:39963 [wandb_init.py:init():761] calling init triggers
2025-03-02 00:55:20,919 INFO    MainThread:39963 [wandb_init.py:init():766] wandb.init called with sweep_config: {}
config: {'_wandb': {}}
2025-03-02 00:55:20,919 INFO    MainThread:39963 [wandb_init.py:init():784] starting backend
2025-03-02 00:55:20,919 INFO    MainThread:39963 [wandb_init.py:init():788] sending inform_init request
2025-03-02 00:55:20,922 INFO    MainThread:39963 [backend.py:_multiprocessing_setup():97] multiprocessing start_methods=fork,spawn,forkserver, using: spawn
2025-03-02 00:55:20,923 INFO    MainThread:39963 [wandb_init.py:init():803] backend started and connected
2025-03-02 00:55:20,928 INFO    MainThread:39963 [wandb_run.py:_label_probe_notebook():1204] probe notebook
2025-03-02 00:55:20,929 INFO    MainThread:39963 [wandb_init.py:init():896] updated telemetry
2025-03-02 00:55:20,930 INFO    MainThread:39963 [wandb_init.py:init():920] communicating run to backend with 90.0 second timeout
2025-03-02 00:55:21,733 INFO    MainThread:39963 [wandb_init.py:init():995] starting run threads in backend
2025-03-02 00:55:21,824 INFO    MainThread:39963 [wandb_run.py:_console_start():2377] atexit reg
2025-03-02 00:55:21,824 INFO    MainThread:39963 [wandb_run.py:_redirect():2227] redirect: wrap_raw
2025-03-02 00:55:21,825 INFO    MainThread:39963 [wandb_run.py:_redirect():2292] Wrapping output streams.
2025-03-02 00:55:21,825 INFO    MainThread:39963 [wandb_run.py:_redirect():2317] Redirects installed.
2025-03-02 00:55:21,827 INFO    MainThread:39963 [wandb_init.py:init():1037] run started, returning control to user process
2025-03-02 00:55:21,830 INFO    MainThread:39963 [jupyter.py:save_ipynb():386] not saving jupyter notebook
2025-03-02 00:55:21,830 INFO    MainThread:39963 [wandb_init.py:_pause_backend():564] pausing backend
2025-03-02 00:56:51,629 INFO    MainThread:39963 [wandb_init.py:_resume_backend():569] resuming backend
2025-03-02 00:56:57,058 INFO    MainThread:39963 [jupyter.py:save_ipynb():386] not saving jupyter notebook
2025-03-02 00:56:57,058 INFO    MainThread:39963 [wandb_init.py:_pause_backend():564] pausing backend
2025-03-02 00:57:38,674 INFO    MainThread:39963 [wandb_init.py:_resume_backend():569] resuming backend
2025-03-02 00:57:38,680 INFO    MainThread:39963 [jupyter.py:save_ipynb():386] not saving jupyter notebook
2025-03-02 00:57:38,680 INFO    MainThread:39963 [wandb_init.py:_pause_backend():564] pausing backend
2025-03-02 00:57:42,925 INFO    MainThread:39963 [wandb_init.py:_resume_backend():569] resuming backend
2025-03-02 00:57:42,929 INFO    MainThread:39963 [jupyter.py:save_ipynb():386] not saving jupyter notebook
2025-03-02 00:57:42,929 INFO    MainThread:39963 [wandb_init.py:_pause_backend():564] pausing backend
2025-03-02 00:57:44,811 INFO    MainThread:39963 [wandb_init.py:_resume_backend():569] resuming backend
2025-03-02 00:57:44,816 INFO    MainThread:39963 [jupyter.py:save_ipynb():386] not saving jupyter notebook
2025-03-02 00:57:44,816 INFO    MainThread:39963 [wandb_init.py:_pause_backend():564] pausing backend
2025-03-02 00:57:46,999 INFO    MainThread:39963 [wandb_init.py:_resume_backend():569] resuming backend
2025-03-02 00:57:47,004 INFO    MainThread:39963 [jupyter.py:save_ipynb():386] not saving jupyter notebook
2025-03-02 00:57:47,006 INFO    MainThread:39963 [wandb_init.py:_pause_backend():564] pausing backend
2025-03-02 00:57:47,579 INFO    MainThread:39963 [wandb_init.py:_resume_backend():569] resuming backend
2025-03-02 00:57:48,044 INFO    MainThread:39963 [jupyter.py:save_ipynb():386] not saving jupyter notebook
2025-03-02 00:57:48,044 INFO    MainThread:39963 [wandb_init.py:_pause_backend():564] pausing backend
2025-03-02 00:58:04,932 INFO    MainThread:39963 [wandb_init.py:_resume_backend():569] resuming backend
2025-03-02 00:58:04,935 INFO    MainThread:39963 [jupyter.py:save_ipynb():386] not saving jupyter notebook
2025-03-02 00:58:04,935 INFO    MainThread:39963 [wandb_init.py:_pause_backend():564] pausing backend
2025-03-02 00:58:06,014 INFO    MainThread:39963 [wandb_init.py:_resume_backend():569] resuming backend
2025-03-02 00:58:06,018 INFO    MainThread:39963 [jupyter.py:save_ipynb():386] not saving jupyter notebook
2025-03-02 00:58:06,018 INFO    MainThread:39963 [wandb_init.py:_pause_backend():564] pausing backend
2025-03-02 00:58:06,096 INFO    MainThread:39963 [wandb_init.py:_resume_backend():569] resuming backend
2025-03-02 00:58:06,100 INFO    MainThread:39963 [jupyter.py:save_ipynb():386] not saving jupyter notebook
2025-03-02 00:58:06,100 INFO    MainThread:39963 [wandb_init.py:_pause_backend():564] pausing backend
2025-03-02 00:58:06,166 INFO    MainThread:39963 [wandb_init.py:_resume_backend():569] resuming backend
2025-03-02 00:58:06,170 INFO    MainThread:39963 [jupyter.py:save_ipynb():386] not saving jupyter notebook
2025-03-02 00:58:06,170 INFO    MainThread:39963 [wandb_init.py:_pause_backend():564] pausing backend
2025-03-02 00:58:06,274 INFO    MainThread:39963 [wandb_init.py:_resume_backend():569] resuming backend
2025-03-02 00:58:06,277 INFO    MainThread:39963 [jupyter.py:save_ipynb():386] not saving jupyter notebook
2025-03-02 00:58:06,277 INFO    MainThread:39963 [wandb_init.py:_pause_backend():564] pausing backend
2025-03-02 00:58:08,336 INFO    MainThread:39963 [wandb_init.py:_resume_backend():569] resuming backend
2025-03-02 00:58:08,339 INFO    MainThread:39963 [jupyter.py:save_ipynb():386] not saving jupyter notebook
2025-03-02 00:58:08,339 INFO    MainThread:39963 [wandb_init.py:_pause_backend():564] pausing backend
2025-03-02 00:58:10,382 INFO    MainThread:39963 [wandb_init.py:_resume_backend():569] resuming backend
2025-03-02 00:58:10,777 INFO    MainThread:39963 [jupyter.py:save_ipynb():386] not saving jupyter notebook
2025-03-02 00:58:10,777 INFO    MainThread:39963 [wandb_init.py:_pause_backend():564] pausing backend
2025-03-02 01:00:09,877 INFO    MainThread:39963 [wandb_init.py:_resume_backend():569] resuming backend
2025-03-02 01:00:10,198 INFO    MainThread:39963 [jupyter.py:save_ipynb():386] not saving jupyter notebook
2025-03-02 01:00:10,199 INFO    MainThread:39963 [wandb_init.py:_pause_backend():564] pausing backend
2025-03-02 01:01:22,094 INFO    MainThread:39963 [wandb_init.py:_resume_backend():569] resuming backend
2025-03-02 01:01:22,244 INFO    MainThread:39963 [jupyter.py:save_ipynb():386] not saving jupyter notebook
2025-03-02 01:01:22,245 INFO    MainThread:39963 [wandb_init.py:_pause_backend():564] pausing backend
2025-03-02 01:02:07,887 INFO    MainThread:39963 [wandb_init.py:_resume_backend():569] resuming backend
2025-03-02 01:02:07,908 INFO    MainThread:39963 [jupyter.py:save_ipynb():386] not saving jupyter notebook
2025-03-02 01:02:07,908 INFO    MainThread:39963 [wandb_init.py:_pause_backend():564] pausing backend
2025-03-02 01:02:13,211 INFO    MainThread:39963 [wandb_init.py:_resume_backend():569] resuming backend
2025-03-02 01:02:13,528 INFO    MainThread:39963 [jupyter.py:save_ipynb():386] not saving jupyter notebook
2025-03-02 01:02:13,528 INFO    MainThread:39963 [wandb_init.py:_pause_backend():564] pausing backend
2025-03-02 01:02:13,538 INFO    MainThread:39963 [wandb_init.py:_resume_backend():569] resuming backend
2025-03-02 01:02:13,547 INFO    MainThread:39963 [wandb_init.py:setup_run_log_directory():647] Logging user logs to /home/ic41223/DA6401/Assignment_1/wandb/run-20250302_010213-lguv1seb/logs/debug.log
2025-03-02 01:02:13,547 INFO    MainThread:39963 [wandb_init.py:setup_run_log_directory():648] Logging internal logs to /home/ic41223/DA6401/Assignment_1/wandb/run-20250302_010213-lguv1seb/logs/debug-internal.log
2025-03-02 01:02:13,547 INFO    MainThread:39963 [wandb_init.py:init():761] calling init triggers
2025-03-02 01:02:13,547 INFO    MainThread:39963 [wandb_init.py:init():766] wandb.init called with sweep_config: {}
config: {'_wandb': {}}
2025-03-02 01:02:13,547 INFO    MainThread:39963 [wandb_init.py:init():776] wandb.init() called while a run is active
2025-03-02 01:02:13,548 ERROR   MainThread:39963 [util.py:get_module():249] Error importing optional module PIL.Image
Traceback (most recent call last):
  File "/home/ic41223/miniconda3/envs/DA6401/lib/python3.9/site-packages/wandb/util.py", line 215, in import_module_lazy
    return sys.modules[name]
KeyError: 'PIL.Image'

During handling of the above exception, another exception occurred:

Traceback (most recent call last):
  File "/home/ic41223/miniconda3/envs/DA6401/lib/python3.9/site-packages/wandb/util.py", line 244, in get_module
    return import_module_lazy(name)
  File "/home/ic41223/miniconda3/envs/DA6401/lib/python3.9/site-packages/wandb/util.py", line 217, in import_module_lazy
    spec = importlib.util.find_spec(name)
  File "/home/ic41223/miniconda3/envs/DA6401/lib/python3.9/importlib/util.py", line 94, in find_spec
    parent = __import__(parent_name, fromlist=['__path__'])
ModuleNotFoundError: No module named 'PIL'
2025-03-02 01:02:13,744 INFO    MainThread:39963 [jupyter.py:save_ipynb():386] not saving jupyter notebook
2025-03-02 01:02:13,745 INFO    MainThread:39963 [wandb_init.py:_pause_backend():564] pausing backend
